Flow report for Final
Mon May 02 13:46:26 2016
Quartus II 32-bit Version 12.1 Build 177 11/07/2012 SJ Web Edition


---------------------
; Table of Contents ;
---------------------
  1. Legal Notice
  2. Flow Summary
  3. Flow Settings
  4. Flow Non-Default Global Settings
  5. Flow Elapsed Time
  6. Flow OS Summary
  7. Flow Log



----------------
; Legal Notice ;
----------------
Copyright (C) 1991-2012 Altera Corporation
Your use of Altera Corporation's design tools, logic functions 
and other software and tools, and its AMPP partner logic 
functions, and any output files from any of the foregoing 
(including device programming or simulation files), and any 
associated documentation or information are expressly subject 
to the terms and conditions of the Altera Program License 
Subscription Agreement, Altera MegaCore Function License 
Agreement, or other applicable license agreement, including, 
without limitation, that your use is for the sole purpose of 
programming logic devices manufactured by Altera and sold by 
Altera or its authorized distributors.  Please refer to the 
applicable agreement for further details.



+-------------------------------------------------------------------------------+
; Flow Summary                                                                  ;
+------------------------------------+------------------------------------------+
; Flow Status                        ; Successful - Mon May 02 13:46:24 2016    ;
; Quartus II 32-bit Version          ; 12.1 Build 177 11/07/2012 SJ Web Edition ;
; Revision Name                      ; Final                                    ;
; Top-level Entity Name              ; Block2                                   ;
; Family                             ; Cyclone II                               ;
; Device                             ; EP2C35F672C6                             ;
; Timing Models                      ; Final                                    ;
; Total logic elements               ; 139 / 33,216 ( < 1 % )                   ;
;     Total combinational functions  ; 139 / 33,216 ( < 1 % )                   ;
;     Dedicated logic registers      ; 57 / 33,216 ( < 1 % )                    ;
; Total registers                    ; 57                                       ;
; Total pins                         ; 44 / 475 ( 9 % )                         ;
; Total virtual pins                 ; 0                                        ;
; Total memory bits                  ; 0 / 483,840 ( 0 % )                      ;
; Embedded Multiplier 9-bit elements ; 0 / 70 ( 0 % )                           ;
; Total PLLs                         ; 0 / 4 ( 0 % )                            ;
+------------------------------------+------------------------------------------+


+-----------------------------------------+
; Flow Settings                           ;
+-------------------+---------------------+
; Option            ; Setting             ;
+-------------------+---------------------+
; Start date & time ; 05/02/2016 13:46:13 ;
; Main task         ; Compilation         ;
; Revision Name     ; Final               ;
+-------------------+---------------------+


+--------------------------------------------------------------------------------------------------------------------------+
; Flow Non-Default Global Settings                                                                                         ;
+-------------------------------------+-----------------------------------------+---------------+-------------+------------+
; Assignment Name                     ; Value                                   ; Default Value ; Entity Name ; Section Id ;
+-------------------------------------+-----------------------------------------+---------------+-------------+------------+
; COMPILER_SIGNATURE_ID               ; 203178705428565.146221117306980         ; --            ; --          ; --         ;
; IP_TOOL_NAME                        ; LPM_COUNTER                             ; --            ; --          ; --         ;
; IP_TOOL_NAME                        ; LPM_COUNTER                             ; --            ; --          ; --         ;
; IP_TOOL_NAME                        ; LPM_COUNTER                             ; --            ; --          ; --         ;
; IP_TOOL_NAME                        ; LPM_COUNTER                             ; --            ; --          ; --         ;
; IP_TOOL_VERSION                     ; 12.1                                    ; --            ; --          ; --         ;
; IP_TOOL_VERSION                     ; 12.1                                    ; --            ; --          ; --         ;
; IP_TOOL_VERSION                     ; 12.1                                    ; --            ; --          ; --         ;
; IP_TOOL_VERSION                     ; 12.1                                    ; --            ; --          ; --         ;
; MAX_CORE_JUNCTION_TEMP              ; 85                                      ; --            ; --          ; --         ;
; MIN_CORE_JUNCTION_TEMP              ; 0                                       ; --            ; --          ; --         ;
; MISC_FILE                           ; ../asdasf/output_files/lpm_counter3.bsf ; --            ; --          ; --         ;
; MISC_FILE                           ; ../asdasf/output_files/lpm_counter3.cmp ; --            ; --          ; --         ;
; MISC_FILE                           ; ../asdasf/output_files/lpm_counter4.bsf ; --            ; --          ; --         ;
; MISC_FILE                           ; ../asdasf/output_files/lpm_counter4.cmp ; --            ; --          ; --         ;
; MISC_FILE                           ; output_files/hour_u.bsf                 ; --            ; --          ; --         ;
; MISC_FILE                           ; output_files/hour_u.cmp                 ; --            ; --          ; --         ;
; MISC_FILE                           ; output_files/hour_t.bsf                 ; --            ; --          ; --         ;
; MISC_FILE                           ; output_files/hour_t.cmp                 ; --            ; --          ; --         ;
; PARTITION_COLOR                     ; 16764057                                ; --            ; Block2      ; Top        ;
; PARTITION_FITTER_PRESERVATION_LEVEL ; PLACEMENT_AND_ROUTING                   ; --            ; Block2      ; Top        ;
; PARTITION_NETLIST_TYPE              ; SOURCE                                  ; --            ; Block2      ; Top        ;
; PROJECT_OUTPUT_DIRECTORY            ; output_files                            ; --            ; --          ; --         ;
; TOP_LEVEL_ENTITY                    ; Block2                                  ; Final         ; --          ; --         ;
+-------------------------------------+-----------------------------------------+---------------+-------------+------------+


+-------------------------------------------------------------------------------------------------------------------------------+
; Flow Elapsed Time                                                                                                             ;
+---------------------------+--------------+-------------------------+---------------------+------------------------------------+
; Module Name               ; Elapsed Time ; Average Processors Used ; Peak Virtual Memory ; Total CPU Time (on all processors) ;
+---------------------------+--------------+-------------------------+---------------------+------------------------------------+
; Analysis & Synthesis      ; 00:00:02     ; 1.0                     ; 384 MB              ; 00:00:02                           ;
; Fitter                    ; 00:00:06     ; 1.0                     ; 452 MB              ; 00:00:05                           ;
; Assembler                 ; 00:00:02     ; 1.0                     ; 347 MB              ; 00:00:02                           ;
; TimeQuest Timing Analyzer ; 00:00:01     ; 1.0                     ; 306 MB              ; 00:00:01                           ;
; Total                     ; 00:00:11     ; --                      ; --                  ; 00:00:10                           ;
+---------------------------+--------------+-------------------------+---------------------+------------------------------------+


+----------------------------------------------------------------------------------------+
; Flow OS Summary                                                                        ;
+---------------------------+------------------+-----------+------------+----------------+
; Module Name               ; Machine Hostname ; OS Name   ; OS Version ; Processor type ;
+---------------------------+------------------+-----------+------------+----------------+
; Analysis & Synthesis      ; SHIN404-PC-09    ; Windows 7 ; 6.1        ; x86_64         ;
; Fitter                    ; SHIN404-PC-09    ; Windows 7 ; 6.1        ; x86_64         ;
; Assembler                 ; SHIN404-PC-09    ; Windows 7 ; 6.1        ; x86_64         ;
; TimeQuest Timing Analyzer ; SHIN404-PC-09    ; Windows 7 ; 6.1        ; x86_64         ;
+---------------------------+------------------+-----------+------------+----------------+


------------
; Flow Log ;
------------
quartus_map --read_settings_files=on --write_settings_files=off Final -c Final
quartus_fit --read_settings_files=off --write_settings_files=off Final -c Final
quartus_asm --read_settings_files=off --write_settings_files=off Final -c Final
quartus_sta Final -c Final



